
*** Running vivado
    with args -log Mat_mul_TB.vds -m64 -mode batch -messageDb vivado.pb -notrace -source Mat_mul_TB.tcl

WARNING: Default location for XILINX_VIVADO_HLS not found: 

****** Vivado v2015.1 (64-bit)
  **** SW Build 1215546 on Mon Apr 27 19:07:21 MDT 2015
  **** IP Build 1209967 on Tue Apr 21 11:39:20 MDT 2015
    ** Copyright 1986-2015 Xilinx, Inc. All Rights Reserved.

source Mat_mul_TB.tcl -notrace
Command: synth_design -top Mat_mul_TB -part xc7z010clg400-1
Starting synth_design
Attempting to get a license for feature 'Synthesis' and/or device 'xc7z010'
INFO: [Common 17-349] Got license for feature 'Synthesis' and/or device 'xc7z010'
INFO: [Common 17-1223] The version limit for your license is '2017.01' and will expire in -30 days. A version limit expiration means that, although you may be able to continue to use the current version of tools or IP with this license, you will not be eligible for any updates or new releases.
---------------------------------------------------------------------------------
Starting Synthesize : Time (s): cpu = 00:00:07 ; elapsed = 00:00:09 . Memory (MB): peak = 949.148 ; gain = 146.457 ; free physical = 396 ; free virtual = 4484
---------------------------------------------------------------------------------
INFO: [Synth 8-638] synthesizing module 'Mat_mul_TB' [/auto/homes/hc475/P35/P35_matrix/matrixMul/matrixMul.srcs/sources_1/new/Mat_mul_TB.v:1]
	Parameter WIDTH bound to: 8 - type: integer 
INFO: [Synth 8-638] synthesizing module 'Mat_mult' [/auto/homes/hc475/P35/P35_matrix/Mat_mult.v:3]
	Parameter WIDTH bound to: 8 - type: integer 
INFO: [Synth 8-638] synthesizing module 'p_multiplier' [/auto/homes/hc475/P35/P35_matrix/multiplier.v:4]
	Parameter WIDTH bound to: 8 - type: integer 
	Parameter MULT_LATENCY bound to: 3 - type: integer 
INFO: [Synth 8-256] done synthesizing module 'p_multiplier' (1#1) [/auto/homes/hc475/P35/P35_matrix/multiplier.v:4]
WARNING: [Synth 8-689] width (3) of port connection 'dataa' does not match port width (8) of module 'p_multiplier' [/auto/homes/hc475/P35/P35_matrix/Mat_mult.v:33]
WARNING: [Synth 8-689] width (3) of port connection 'datab' does not match port width (8) of module 'p_multiplier' [/auto/homes/hc475/P35/P35_matrix/Mat_mult.v:33]
WARNING: [Synth 8-689] width (3) of port connection 'dataa' does not match port width (8) of module 'p_multiplier' [/auto/homes/hc475/P35/P35_matrix/Mat_mult.v:33]
WARNING: [Synth 8-689] width (3) of port connection 'datab' does not match port width (8) of module 'p_multiplier' [/auto/homes/hc475/P35/P35_matrix/Mat_mult.v:33]
WARNING: [Synth 8-689] width (3) of port connection 'dataa' does not match port width (8) of module 'p_multiplier' [/auto/homes/hc475/P35/P35_matrix/Mat_mult.v:33]
WARNING: [Synth 8-689] width (3) of port connection 'datab' does not match port width (8) of module 'p_multiplier' [/auto/homes/hc475/P35/P35_matrix/Mat_mult.v:33]
WARNING: [Synth 8-689] width (3) of port connection 'dataa' does not match port width (8) of module 'p_multiplier' [/auto/homes/hc475/P35/P35_matrix/Mat_mult.v:33]
WARNING: [Synth 8-689] width (3) of port connection 'datab' does not match port width (8) of module 'p_multiplier' [/auto/homes/hc475/P35/P35_matrix/Mat_mult.v:33]
WARNING: [Synth 8-689] width (3) of port connection 'dataa' does not match port width (8) of module 'p_multiplier' [/auto/homes/hc475/P35/P35_matrix/Mat_mult.v:33]
WARNING: [Synth 8-689] width (3) of port connection 'datab' does not match port width (8) of module 'p_multiplier' [/auto/homes/hc475/P35/P35_matrix/Mat_mult.v:33]
WARNING: [Synth 8-689] width (3) of port connection 'dataa' does not match port width (8) of module 'p_multiplier' [/auto/homes/hc475/P35/P35_matrix/Mat_mult.v:33]
WARNING: [Synth 8-689] width (3) of port connection 'datab' does not match port width (8) of module 'p_multiplier' [/auto/homes/hc475/P35/P35_matrix/Mat_mult.v:33]
WARNING: [Synth 8-689] width (3) of port connection 'dataa' does not match port width (8) of module 'p_multiplier' [/auto/homes/hc475/P35/P35_matrix/Mat_mult.v:33]
WARNING: [Synth 8-689] width (3) of port connection 'datab' does not match port width (8) of module 'p_multiplier' [/auto/homes/hc475/P35/P35_matrix/Mat_mult.v:33]
WARNING: [Synth 8-689] width (3) of port connection 'dataa' does not match port width (8) of module 'p_multiplier' [/auto/homes/hc475/P35/P35_matrix/Mat_mult.v:33]
WARNING: [Synth 8-689] width (3) of port connection 'datab' does not match port width (8) of module 'p_multiplier' [/auto/homes/hc475/P35/P35_matrix/Mat_mult.v:33]
INFO: [Synth 8-256] done synthesizing module 'Mat_mult' (2#1) [/auto/homes/hc475/P35/P35_matrix/Mat_mult.v:3]
ERROR: [Synth 8-462] no clock signal specified in event control [/auto/homes/hc475/P35/P35_matrix/matrixMul/matrixMul.srcs/sources_1/new/Mat_mul_TB.v:25]
ERROR: [Synth 8-285] failed synthesizing module 'Mat_mul_TB' [/auto/homes/hc475/P35/P35_matrix/matrixMul/matrixMul.srcs/sources_1/new/Mat_mul_TB.v:1]
---------------------------------------------------------------------------------
Finished Synthesize : Time (s): cpu = 00:00:09 ; elapsed = 00:00:12 . Memory (MB): peak = 1023.430 ; gain = 220.738 ; free physical = 283 ; free virtual = 4371
---------------------------------------------------------------------------------
synthesize failed
INFO: [Common 17-83] Releasing license: Synthesis
8 Infos, 16 Warnings, 0 Critical Warnings and 3 Errors encountered.
synth_design failed
ERROR: [Common 17-69] Command failed: Vivado Synthesis failed
INFO: [Common 17-206] Exiting Vivado at Thu Mar  2 15:49:06 2017...
