#-----------------------------------------------------------
# Vivado v2015.1 (64-bit)
# SW Build 1215546 on Mon Apr 27 19:07:21 MDT 2015
# IP Build 1209967 on Tue Apr 21 11:39:20 MDT 2015
# Start of session at: Thu Mar  2 11:17:59 2017
# Process ID: 12228
# Log file: /auto/homes/hc475/P35/P35_matrix/vivado.log
# Journal file: /auto/homes/hc475/P35/P35_matrix/vivado.jou
#-----------------------------------------------------------
start_gui
create_project matrixMul /auto/homes/hc475/P35/P35_matrix/matrixMul -part xc7z010clg400-1
INFO: [IP_Flow 19-234] Refreshing IP repositories
INFO: [IP_Flow 19-1704] No user IP repositories specified
INFO: [IP_Flow 19-2313] Loaded Vivado IP repository '/usr/groups/ecad/xilinx/vivado_sdk_installed/Vivado/2015.1/data/ip'.
create_project: Time (s): cpu = 00:00:10 ; elapsed = 00:00:09 . Memory (MB): peak = 5740.973 ; gain = 39.836 ; free physical = 160 ; free virtual = 4905
add_files -norecurse {/auto/homes/hc475/P35/P35_matrix/Mat_mult.v /auto/homes/hc475/P35/P35_matrix/multiplier.v /auto/homes/hc475/P35/P35_matrix/adder.v /auto/homes/hc475/P35/P35_matrix/mult_add.v}
update_compile_order -fileset sources_1
update_compile_order -fileset sources_1
update_compile_order -fileset sim_1
update_compile_order -fileset sources_1
exit
INFO: [Common 17-206] Exiting Vivado at Thu Mar  2 14:21:11 2017...
