Copyright 1986-2016 Xilinx, Inc. All Rights Reserved.
-------------------------------------------------------------------------------------------------------------------------------------------------------------------------------------------------------------------
| Tool Version     : Vivado v.2016.4 (lin64) Build 1756540 Mon Jan 23 19:11:19 MST 2017
| Date             : Fri Mar 10 23:59:21 2017
| Host             : acs-05.cl.cam.ac.uk running 64-bit Ubuntu 14.04.5 LTS
| Command          : report_power -file two_by_two_arb_djgboard_wrapper_power_routed.rpt -pb two_by_two_arb_djgboard_wrapper_power_summary_routed.pb -rpx two_by_two_arb_djgboard_wrapper_power_routed.rpx
| Design           : two_by_two_arb_djgboard_wrapper
| Device           : xc7z010clg400-1
| Design State     : routed
| Grade            : commercial
| Process          : typical
| Characterization : Production
-------------------------------------------------------------------------------------------------------------------------------------------------------------------------------------------------------------------

Power Report

Table of Contents
-----------------
1. Summary
1.1 On-Chip Components
1.2 Power Supply Summary
1.3 Confidence Level
2. Settings
2.1 Environment
2.2 Clock Constraints
3. Detailed Reports
3.1 By Hierarchy

1. Summary
----------

+--------------------------+--------+
| Total On-Chip Power (W)  | 1.676  |
| Dynamic (W)              | 1.548  |
| Device Static (W)        | 0.128  |
| Effective TJA (C/W)      | 11.5   |
| Max Ambient (C)          | 65.7   |
| Junction Temperature (C) | 44.3   |
| Confidence Level         | Medium |
| Setting File             | ---    |
| Simulation Activity File | ---    |
| Design Nets Matched      | NA     |
+--------------------------+--------+


1.1 On-Chip Components
----------------------

+-------------------------+-----------+----------+-----------+-----------------+
| On-Chip                 | Power (W) | Used     | Available | Utilization (%) |
+-------------------------+-----------+----------+-----------+-----------------+
| Clocks                  |     0.007 |        3 |       --- |             --- |
| Slice Logic             |     0.003 |     1430 |       --- |             --- |
|   LUT as Logic          |     0.002 |      395 |     17600 |            2.24 |
|   CARRY4                |    <0.001 |       22 |      4400 |            0.50 |
|   Register              |    <0.001 |      633 |     35200 |            1.80 |
|   LUT as Shift Register |    <0.001 |       62 |      6000 |            1.03 |
|   Others                |     0.000 |      215 |       --- |             --- |
| Signals                 |     0.004 |     1158 |       --- |             --- |
| DSPs                    |     0.006 |        8 |        80 |           10.00 |
| PS7                     |     1.528 |        1 |       --- |             --- |
| Static Power            |     0.128 |          |           |                 |
| Total                   |     1.676 |          |           |                 |
+-------------------------+-----------+----------+-----------+-----------------+


1.2 Power Supply Summary
------------------------

+-----------+-------------+-----------+-------------+------------+
| Source    | Voltage (V) | Total (A) | Dynamic (A) | Static (A) |
+-----------+-------------+-----------+-------------+------------+
| Vccint    |       1.000 |     0.026 |       0.019 |      0.007 |
| Vccaux    |       1.800 |     0.012 |       0.000 |      0.012 |
| Vcco33    |       3.300 |     0.001 |       0.000 |      0.001 |
| Vcco25    |       2.500 |     0.000 |       0.000 |      0.000 |
| Vcco18    |       1.800 |     0.001 |       0.000 |      0.001 |
| Vcco15    |       1.500 |     0.001 |       0.000 |      0.001 |
| Vcco135   |       1.350 |     0.000 |       0.000 |      0.000 |
| Vcco12    |       1.200 |     0.000 |       0.000 |      0.000 |
| Vccaux_io |       1.800 |     0.000 |       0.000 |      0.000 |
| Vccbram   |       1.000 |     0.000 |       0.000 |      0.000 |
| MGTAVcc   |       1.000 |     0.000 |       0.000 |      0.000 |
| MGTAVtt   |       1.200 |     0.000 |       0.000 |      0.000 |
| MGTVccaux |       1.800 |     0.000 |       0.000 |      0.000 |
| Vccpint   |       1.000 |     0.755 |       0.725 |      0.030 |
| Vccpaux   |       1.800 |     0.060 |       0.050 |      0.010 |
| Vccpll    |       1.800 |     0.018 |       0.015 |      0.003 |
| Vcco_ddr  |       1.500 |     0.459 |       0.457 |      0.002 |
| Vcco_mio0 |       1.800 |     0.000 |       0.000 |      0.000 |
| Vcco_mio1 |       1.800 |     0.000 |       0.000 |      0.000 |
| Vccadc    |       1.800 |     0.020 |       0.000 |      0.020 |
+-----------+-------------+-----------+-------------+------------+


1.3 Confidence Level
--------------------

+-----------------------------+------------+------------------------------------------------+------------------------------------------------------------------------------------------------------------+
| User Input Data             | Confidence | Details                                        | Action                                                                                                     |
+-----------------------------+------------+------------------------------------------------+------------------------------------------------------------------------------------------------------------+
| Design implementation state | High       | Design is routed                               |                                                                                                            |
| Clock nodes activity        | High       | User specified more than 95% of clocks         |                                                                                                            |
| I/O nodes activity          | High       | User specified more than 95% of inputs         |                                                                                                            |
| Internal nodes activity     | Medium     | User specified less than 25% of internal nodes | Provide missing internal nodes activity with simulation results or by editing the "By Resource Type" views |
| Device models               | High       | Device models are Production                   |                                                                                                            |
|                             |            |                                                |                                                                                                            |
| Overall confidence level    | Medium     |                                                |                                                                                                            |
+-----------------------------+------------+------------------------------------------------+------------------------------------------------------------------------------------------------------------+


2. Settings
-----------

2.1 Environment
---------------

+-----------------------+------------------------+
| Ambient Temp (C)      | 25.0                   |
| ThetaJA (C/W)         | 11.5                   |
| Airflow (LFM)         | 250                    |
| Heat Sink             | none                   |
| ThetaSA (C/W)         | 0.0                    |
| Board Selection       | medium (10"x10")       |
| # of Board Layers     | 8to11 (8 to 11 Layers) |
| Board Temperature (C) | 25.0                   |
+-----------------------+------------------------+


2.2 Clock Constraints
---------------------

+------------+----------------------------------------------------------------------------+-----------------+
| Clock      | Domain                                                                     | Constraint (ns) |
+------------+----------------------------------------------------------------------------+-----------------+
| clk_fpga_0 | two_by_two_arb_djgboard_i/processing_system7_0/inst/FCLK_CLK_unbuffered[0] |             5.0 |
+------------+----------------------------------------------------------------------------+-----------------+


3. Detailed Reports
-------------------

3.1 By Hierarchy
----------------

+--------------------------------------------------+-----------+
| Name                                             | Power (W) |
+--------------------------------------------------+-----------+
| two_by_two_arb_djgboard_wrapper                  |     1.548 |
|   two_by_two_arb_djgboard_i                      |     1.548 |
|     processing_system7_0                         |     1.529 |
|       inst                                       |     1.529 |
|     ps7_0_axi_periph                             |     0.009 |
|       s00_couplers                               |     0.009 |
|         auto_pc                                  |     0.009 |
|           inst                                   |     0.009 |
|             gen_axilite.gen_b2s_conv.axilite_b2s |     0.009 |
|               RD.ar_channel_0                    |     0.001 |
|                 ar_cmd_fsm_0                     |    <0.001 |
|                 cmd_translator_0                 |    <0.001 |
|                   incr_cmd_0                     |    <0.001 |
|                   wrap_cmd_0                     |    <0.001 |
|               RD.r_channel_0                     |     0.002 |
|                 rd_data_fifo_0                   |     0.001 |
|                 transaction_fifo_0               |    <0.001 |
|               SI_REG                             |     0.004 |
|                 ar_pipe                          |     0.001 |
|                 aw_pipe                          |     0.001 |
|                 b_pipe                           |    <0.001 |
|                 r_pipe                           |     0.001 |
|               WR.aw_channel_0                    |     0.001 |
|                 aw_cmd_fsm_0                     |    <0.001 |
|                 cmd_translator_0                 |    <0.001 |
|                   incr_cmd_0                     |    <0.001 |
|                   wrap_cmd_0                     |    <0.001 |
|               WR.b_channel_0                     |    <0.001 |
|                 bid_fifo_0                       |    <0.001 |
|                 bresp_fifo_0                     |    <0.001 |
|     rst_ps7_0_50M                                |    <0.001 |
|       U0                                         |    <0.001 |
|         EXT_LPF                                  |    <0.001 |
|           ACTIVE_LOW_EXT.ACT_LO_EXT              |    <0.001 |
|         SEQ                                      |    <0.001 |
|           SEQ_COUNTER                            |    <0.001 |
|     two_by_two_arb_0                             |     0.010 |
|       inst                                       |     0.010 |
|         two_by_two_arb_v1_0_S00_AXI_inst         |     0.010 |
|           UIP                                    |     0.008 |
|             genblk1[0].genblk1[0].genblk1[0].m1  |     0.001 |
|             genblk1[0].genblk1[0].genblk1[1].m1  |    <0.001 |
|             genblk1[0].genblk1[1].genblk1[0].m1  |    <0.001 |
|             genblk1[0].genblk1[1].genblk1[1].m1  |    <0.001 |
|             genblk1[1].genblk1[0].genblk1[0].m1  |     0.001 |
|             genblk1[1].genblk1[0].genblk1[1].m1  |    <0.001 |
|             genblk1[1].genblk1[1].genblk1[0].m1  |     0.001 |
|             genblk1[1].genblk1[1].genblk1[1].m1  |    <0.001 |
+--------------------------------------------------+-----------+


