Copyright 1986-2016 Xilinx, Inc. All Rights Reserved.
---------------------------------------------------------------------------------------------------------------------------------------------------------------------------------------
| Tool Version : Vivado v.2016.4 (lin64) Build 1756540 Mon Jan 23 19:11:19 MST 2017
| Date         : Fri Mar 10 23:59:19 2017
| Host         : acs-05.cl.cam.ac.uk running 64-bit Ubuntu 14.04.5 LTS
| Command      : report_drc -file two_by_two_arb_djgboard_wrapper_drc_routed.rpt -pb two_by_two_arb_djgboard_wrapper_drc_routed.pb -rpx two_by_two_arb_djgboard_wrapper_drc_routed.rpx
| Design       : two_by_two_arb_djgboard_wrapper
| Device       : xc7z010clg400-1
| Speed File   : -1
| Design State : Routed
---------------------------------------------------------------------------------------------------------------------------------------------------------------------------------------

Report DRC

Table of Contents
-----------------
1. REPORT SUMMARY
2. REPORT DETAILS

1. REPORT SUMMARY
-----------------
            Netlist: netlist
          Floorplan: design_1
      Design limits: <entire design considered>
           Ruledeck: default
             Max violations: <unlimited>
             Violations found: 0
+------+----------+-------------+------------+
| Rule | Severity | Description | Violations |
+------+----------+-------------+------------+
+------+----------+-------------+------------+

2. REPORT DETAILS
-----------------

